<?xml version="1.0" encoding="UTF-8"?>
<!-- Generated by org.testng.reporters.JUnitXMLReporter -->
<testsuite hostname="DESKTOP-BLHDVQQ" ignored="8" name="Test" tests="3" failures="0" timestamp="06 Nov 2020 14:36:01 GMT" time="167.212" errors="0">
  <testcase name="createNewContact" time="45.717" classname="com.vtiger.testScripts.CreateNewContactTest"/>
  <testcase name="createNewProduct" time="23.18" classname="com.vtiger.testScripts.CreateNewProductTest"/>
  <testcase name="createLead" time="21.739" classname="com.vtiger.testScripts.CreateNewLeadTest"/>
  <testcase name="@BeforeSuite configBS" time="0.0" classname="com.vtiger.genericLib.BaseClass">
    <ignored/>
  </testcase> <!-- @BeforeSuite configBS -->
  <testcase name="@BeforeSuite configBS" time="0.0" classname="com.vtiger.genericLib.BaseClass">
    <ignored/>
  </testcase> <!-- @BeforeSuite configBS -->
  <testcase name="@BeforeTest configBT" time="0.0" classname="com.vtiger.genericLib.BaseClass">
    <ignored/>
  </testcase> <!-- @BeforeTest configBT -->
  <testcase name="@BeforeTest configBT" time="0.0" classname="com.vtiger.genericLib.BaseClass">
    <ignored/>
  </testcase> <!-- @BeforeTest configBT -->
  <testcase name="@AfterSuite configAS" time="0.0" classname="com.vtiger.genericLib.BaseClass">
    <ignored/>
  </testcase> <!-- @AfterSuite configAS -->
  <testcase name="@AfterSuite configAS" time="0.0" classname="com.vtiger.genericLib.BaseClass">
    <ignored/>
  </testcase> <!-- @AfterSuite configAS -->
  <testcase name="@AfterTest configAT" time="0.0" classname="com.vtiger.genericLib.BaseClass">
    <ignored/>
  </testcase> <!-- @AfterTest configAT -->
  <testcase name="@AfterTest configAT" time="0.0" classname="com.vtiger.genericLib.BaseClass">
    <ignored/>
  </testcase> <!-- @AfterTest configAT -->
</testsuite> <!-- Test -->
